<?xml version="1.0" encoding="UTF-8"?>
<testsuite name="test_vaccine_patient_tests.TestVaccinePatient-20220503211229" tests="6" file="test_vaccine_patient_tests.py" time="0.288" timestamp="2022-05-03T21:12:30" failures="0" errors="0" skipped="0">
	<testcase classname="test_vaccine_patient_tests.TestVaccinePatient" name="test_vaccine_patient_bad_date_signature" time="0.157" timestamp="2022-05-03T21:12:30"/>
	<testcase classname="test_vaccine_patient_tests.TestVaccinePatient" name="test_vaccine_patient_no_date" time="0.027" timestamp="2022-05-03T21:12:30"/>
	<testcase classname="test_vaccine_patient_tests.TestVaccinePatient" name="test_vaccine_patient_no_store_date" time="0.016" timestamp="2022-05-03T21:12:30"/>
	<testcase classname="test_vaccine_patient_tests.TestVaccinePatient" name="test_vaccine_patient_not_found_date_signature" time="0.024" timestamp="2022-05-03T21:12:30"/>
	<testcase classname="test_vaccine_patient_tests.TestVaccinePatient" name="test_vaccine_patient_ok" time="0.036" timestamp="2022-05-03T21:12:30"/>
	<testcase classname="test_vaccine_patient_tests.TestVaccinePatient" name="test_vaccine_patient_store_date_is_empty" time="0.028" timestamp="2022-05-03T21:12:30"/>
</testsuite>
